<?xml version="1.0" encoding="UTF-8"?>
<!-- Generated by org.testng.reporters.JUnitXMLReporter -->
<testsuite ignored="2" hostname="C6-LAB-224" failures="0" tests="1" name="Default test" time="9.947" errors="0" timestamp="2025-01-28T15:37:40 IST">
  <testcase classname="Test.HomepageTest" name="HomepTitle" time="0.012"/>
  <testcase classname="Test.HomepageTest" name="cliconHrmsTest" time="0.0">
    <ignored/>
  </testcase> <!-- cliconHrmsTest -->
  <testcase classname="Test.HomepageTest" name="HomeplogoTest" time="0.0">
    <ignored/>
  </testcase> <!-- HomeplogoTest -->
</testsuite> <!-- Default test -->
