<?xml version="1.0" encoding="UTF-8"?>
<!-- Generated by org.testng.reporters.JUnitXMLReporter -->
<testsuite ignored="0" hostname="C6-LAB-224" failures="0" tests="3" name="Default test" time="26.177" errors="0" timestamp="2024-12-24T15:37:48 IST">
  <testcase classname="Test.HomepageTest" name="HomepTitle" time="0.011"/>
  <testcase classname="Test.HomepageTest" name="HomeplogoTest" time="0.028"/>
  <testcase classname="Test.HomepageTest" name="cliconHrmsTest" time="0.071"/>
</testsuite> <!-- Default test -->
