<?xml version="1.0" encoding="UTF-8"?>
<!-- Generated by org.testng.reporters.JUnitXMLReporter -->
<testsuite ignored="0" hostname="C6-LAB-224" failures="0" tests="4" name="Test" time="33.996" errors="0" timestamp="2024-12-09T14:25:23 IST">
  <testcase classname="Test.LoginpageTest" name="SignUpTest" time="19.827"/>
  <testcase classname="Test.LoginpageTest" name="forgotPasswordTest" time="0.892"/>
  <testcase classname="Test.LoginpageTest" name="loginTest" time="2.253"/>
  <testcase classname="Test.LoginpageTest" name="logoTest" time="0.161"/>
</testsuite> <!-- Test -->
