<?xml version="1.0" encoding="UTF-8"?>
<!-- Generated by org.testng.reporters.JUnitXMLReporter -->
<testsuite ignored="2" hostname="C6-LAB-224" failures="0" tests="1" name="Test" time="9.446" errors="0" timestamp="2025-01-22T12:44:24 IST">
  <testcase classname="Test.HomepageTest" name="HomeplogoTest" time="0.051"/>
  <testcase classname="Test.HomepageTest" name="HomepTitle" time="0.0">
    <ignored/>
  </testcase> <!-- HomepTitle -->
  <testcase classname="Test.HomepageTest" name="cliconHrmsTest" time="0.0">
    <ignored/>
  </testcase> <!-- cliconHrmsTest -->
</testsuite> <!-- Test -->
