<?xml version="1.0" encoding="UTF-8"?>
<testng-results ignored="0" total="4" passed="4" failed="0" skipped="0">
  <reporter-output>
  </reporter-output>
  <suite started-at="2024-12-09T14:48:14 IST" name="Default suite" finished-at="2024-12-09T14:48:53 IST" duration-ms="38531">
    <groups>
    </groups>
    <test started-at="2024-12-09T14:48:14 IST" name="Default test" finished-at="2024-12-09T14:48:53 IST" duration-ms="38531">
      <class name="Test.LoginpageTest">
        <test-method is-config="true" signature="setUp()[pri:0, instance:Test.LoginpageTest@1165b38]" started-at="2024-12-09T14:48:15 IST" name="setUp" finished-at="2024-12-09T14:48:18 IST" duration-ms="3361" status="PASS">
          <reporter-output>
          </reporter-output>
        </test-method> <!-- setUp -->
        <test-method signature="SignUpTest()[pri:0, instance:Test.LoginpageTest@1165b38]" started-at="2024-12-09T14:48:18 IST" name="SignUpTest" finished-at="2024-12-09T14:48:42 IST" duration-ms="23827" status="PASS">
          <reporter-output>
          </reporter-output>
        </test-method> <!-- SignUpTest -->
        <test-method is-config="true" signature="setUp()[pri:0, instance:Test.LoginpageTest@1165b38]" started-at="2024-12-09T14:48:42 IST" name="setUp" finished-at="2024-12-09T14:48:45 IST" duration-ms="2930" status="PASS">
          <reporter-output>
          </reporter-output>
        </test-method> <!-- setUp -->
        <test-method signature="forgotPasswordTest()[pri:0, instance:Test.LoginpageTest@1165b38]" started-at="2024-12-09T14:48:45 IST" name="forgotPasswordTest" finished-at="2024-12-09T14:48:45 IST" duration-ms="702" status="PASS">
          <reporter-output>
          </reporter-output>
        </test-method> <!-- forgotPasswordTest -->
        <test-method is-config="true" signature="setUp()[pri:0, instance:Test.LoginpageTest@1165b38]" started-at="2024-12-09T14:48:45 IST" name="setUp" finished-at="2024-12-09T14:48:48 IST" duration-ms="2573" status="PASS">
          <reporter-output>
          </reporter-output>
        </test-method> <!-- setUp -->
        <test-method signature="loginTest()[pri:0, instance:Test.LoginpageTest@1165b38]" started-at="2024-12-09T14:48:48 IST" name="loginTest" finished-at="2024-12-09T14:48:50 IST" duration-ms="2433" status="PASS">
          <reporter-output>
          </reporter-output>
        </test-method> <!-- loginTest -->
        <test-method is-config="true" signature="setUp()[pri:0, instance:Test.LoginpageTest@1165b38]" started-at="2024-12-09T14:48:50 IST" name="setUp" finished-at="2024-12-09T14:48:53 IST" duration-ms="2457" status="PASS">
          <reporter-output>
          </reporter-output>
        </test-method> <!-- setUp -->
        <test-method signature="logoTest()[pri:0, instance:Test.LoginpageTest@1165b38]" started-at="2024-12-09T14:48:53 IST" name="logoTest" finished-at="2024-12-09T14:48:53 IST" duration-ms="188" status="PASS">
          <reporter-output>
          </reporter-output>
        </test-method> <!-- logoTest -->
        <test-method is-config="true" signature="tearDownBrowser()[pri:0, instance:Test.LoginpageTest@1165b38]" started-at="2024-12-09T14:48:53 IST" name="tearDownBrowser" finished-at="2024-12-09T14:48:53 IST" duration-ms="0" status="PASS">
          <reporter-output>
          </reporter-output>
        </test-method> <!-- tearDownBrowser -->
      </class> <!-- Test.LoginpageTest -->
    </test> <!-- Default test -->
  </suite> <!-- Default suite -->
</testng-results>
